#
# A fatal error has been detected by the Java Runtime Environment:
#
#  SIGSEGV (0xb) at pc=0x00000000069eee87, pid=5696, tid=0x0000000026601700
#
# JRE version: OpenJDK Runtime Environment (8.0_242-b06) (build 1.8.0_242-b06)
# Java VM: OpenJDK 64-Bit Server VM GraalVM CE 20.0.0 (25.242-b06-jvmci-20.0-b02 mixed mode linux-amd64 compressed oops)
# Problematic frame:
# v  ~SafepointBlob
#
# Failed to write core dump. Core dumps have been disabled. To enable core dumping, try "ulimit -c unlimited" before starting Java again
#
# If you would like to submit a bug report, please visit:
#   http://bugreport.java.com/bugreport/crash.jsp
#

---------------  T H R E A D  ---------------

Current thread (0x0000000020876000):  JavaThread "pool-1-thread-4" [_thread_in_Java, id=5719, stack(0x0000000026501000,0x0000000026602000)]

siginfo: si_signo: 11 (SIGSEGV), si_code: 128 (SI_KERNEL), si_addr: 0x0000000000000000

Registers:
RAX=0x0000000000000003, RBX=0x000000076d7fcf40, RCX=0x0000000000000000, RDX=0x00000000000248c6
RSP=0x00000000266002e8, RBP=0x0000000026600578, RSI=0x0000000000000003, RDI=0x0000000000000002
R8 =0x0000000000000002, R9 =0x0000000000022fba, R10=0x00000000edaff0f4, R11=0x0000000006acce60
R12=0x0000000000000000, R13=0x0000000026600880, R14=0x00000000266008e8, R15=0x0000000020876000
RIP=0x00000000069eee87, EFLAGS=0x0000000000000004, CSGSFS=0x0000000000000000, ERR=0x0000000000000000
  TRAPNO=0x0000000000000000

Top of Stack: (sp=0x00000000266002e8)
0x00000000266002e8:   4940ec8348ec8b48 0000000000000000
0x00000000266002f8:   0000000000000000 0000000000000000
0x0000000026600308:   8d4c302474894c00 0000000000000000
0x0000000026600318:   0000000000000000 0000000000000000
0x0000000026600328:   f8458b48e4334de4 0000000000000000
0x0000000026600338:   0000000000000000 0000000000000000
0x0000000026600348:   0000000000000000 0000000000000000
0x0000000026600358:   0000000000000000 0000000000000000
0x0000000026600368:   0017000b2d533e0f 0000000000000000
0x0000000026600378:   0000000000000000 0000000000000000
0x0000000026600388:   0000000000000000 0000000000000000
0x0000000026600398:   0000000000000000 0000000000000000
0x00000000266003a8:   0000000000000000 0000000000000000
0x00000000266003b8:   0000000000000000 0000000000000000
0x00000000266003c8:   0000000000000000 0000000000000000
0x00000000266003d8:   0000000000000000 0000000000000000
0x00000000266003e8:   0000000000000000 0000000000000000
0x00000000266003f8:   0000000000000000 0000000000000000
0x0000000026600408:   cafebabecafebabe 0000000000000000
0x0000000026600418:   0000000000000000 0000000000000000
0x0000000026600428:   0000000000000000 0000000000000000
0x0000000026600438:   0000000000000000 0000000000000000
0x0000000026600448:   0000000000000000 0000000000000000
0x0000000026600458:   0000000000000000 0000000000000000
0x0000000026600468:   0000000000000000 0000000000000000
0x0000000026600478:   0000000000000000 0000000000000000
0x0000000026600488:   0000000000000000 0000000000000000
0x0000000026600498:   0000000000000000 0000000000000000
0x00000000266004a8:   0000000000000000 0000000006ab7966
0x00000000266004b8:   0000000000000011 0000000000000000
0x00000000266004c8:   0000000000000000 0000000000000000
0x00000000266004d8:   0000000000000000 0000000000000000 

Instructions: (pc=0x00000000069eee87)
0x00000000069eee67:   28 4c 89 5c 24 20 4c 89 64 24 18 4c 89 6c 24 10
0x00000000069eee77:   4c 89 74 24 08 4c 89 3c 24 48 81 ec 00 02 00 00
0x00000000069eee87:   48 0f ae 04 24 49 89 a7 c0 01 00 00 49 8b bf 68
0x00000000069eee97:   02 00 00 48 89 7d 08 49 8b ff e8 aa 8e 0b ff 49 


Register to memory mapping:

RAX=0x0000000000000003 is an unknown value
RBX=0x000000076d7fcf40 is an oop
binarytrees$TreeNode 
 - klass: 'binarytrees$TreeNode'
RCX=0x0000000000000000 is an unknown value
RDX=0x00000000000248c6 is an unknown value
RSP=0x00000000266002e8 is pointing into the stack for thread: 0x0000000020876000
RBP=0x0000000026600578 is pointing into the stack for thread: 0x0000000020876000
RSI=0x0000000000000003 is an unknown value
RDI=0x0000000000000002 is an unknown value
R8 =0x0000000000000002 is an unknown value
R9 =0x0000000000022fba is an unknown value
R10=0x00000000edaff0f4 is an unknown value
R11=0x0000000006acce60 is at entry_point+0 in (nmethod*)0x0000000006accb90
R12=0x0000000000000000 is an unknown value
R13=0x0000000026600880 is pointing into the stack for thread: 0x0000000020876000
R14=0x00000000266008e8 is pointing into the stack for thread: 0x0000000020876000
R15=0x0000000020876000 is a thread


Stack: [0x0000000026501000,0x0000000026602000],  sp=0x00000000266002e8,  free space=1020k
Native frames: (J=compiled Java code, j=interpreted, Vv=VM code, C=native code)
v  ~SafepointBlob
C  0x000000076d7fcf40
j  java.util.concurrent.ThreadPoolExecutor.runWorker(Ljava/util/concurrent/ThreadPoolExecutor$Worker;)V+95
j  java.util.concurrent.ThreadPoolExecutor$Worker.run()V+5
j  java.lang.Thread.run()V+11
v  ~StubRoutines::call_stub
V  [libjvm.so+0x68f281]  JavaCalls::call_helper(JavaValue*, methodHandle*, JavaCallArguments*, Thread*)+0xb11
V  [libjvm.so+0x68cd23]  JavaCalls::call_virtual(JavaValue*, KlassHandle, Symbol*, Symbol*, JavaCallArguments*, Thread*)+0x263
V  [libjvm.so+0x68d2ef]  JavaCalls::call_virtual(JavaValue*, Handle, KlassHandle, Symbol*, Symbol*, Thread*)+0x4f
V  [libjvm.so+0x6cf00c]  thread_entry(JavaThread*, Thread*)+0x6c
V  [libjvm.so+0xacf5cb]  JavaThread::thread_main_inner()+0xdb
V  [libjvm.so+0xacf916]  JavaThread::run()+0x316
V  [libjvm.so+0x96f4f2]  java_start(Thread*)+0x102
C  [libpthread.so.0+0x9669]  start_thread+0xd9


---------------  P R O C E S S  ---------------

Java Threads: ( => current thread )
  0x0000000020bb2800 JavaThread "pool-1-thread-5" [_thread_blocked, id=5720, stack(0x0000000026602000,0x0000000026703000)]
=>0x0000000020876000 JavaThread "pool-1-thread-4" [_thread_in_Java, id=5719, stack(0x0000000026501000,0x0000000026602000)]
  0x0000000020874000 JavaThread "pool-1-thread-3" [_thread_in_vm, id=5718, stack(0x0000000026400000,0x0000000026501000)]
  0x0000000020c35000 JavaThread "pool-1-thread-2" [_thread_blocked, id=5717, stack(0x0000000026101000,0x0000000026202000)]
  0x0000000020c23000 JavaThread "pool-1-thread-1" [_thread_in_Java, id=5716, stack(0x0000000026000000,0x0000000026101000)]
  0x0000000020bce000 JavaThread "Service Thread" daemon [_thread_blocked, id=5714, stack(0x000000002365a000,0x000000002375b000)]
  0x00000000207cc800 JavaThread "C1 CompilerThread3" daemon [_thread_blocked, id=5713, stack(0x000000002345a000,0x000000002365a000)]
  0x0000000020bb8000 JavaThread "JVMCI-native CompilerThread2" daemon [_thread_in_native, id=5712, stack(0x0000000023259000,0x0000000023459000)]
  0x00000000207ca000 JavaThread "JVMCI-native CompilerThread1" daemon [_thread_in_native, id=5711, stack(0x0000000023058000,0x0000000023258000)]
  0x00000000207c8000 JavaThread "JVMCI-native CompilerThread0" daemon [_thread_blocked, id=5710, stack(0x0000000022e57000,0x0000000023057000)]
  0x0000000020bac800 JavaThread "Signal Dispatcher" daemon [_thread_blocked, id=5709, stack(0x0000000022d55000,0x0000000022e56000)]
  0x0000000020483000 JavaThread "Finalizer" daemon [_thread_blocked, id=5708, stack(0x0000000022696000,0x0000000022797000)]
  0x000000002047e000 JavaThread "Reference Handler" daemon [_thread_blocked, id=5707, stack(0x0000000022595000,0x0000000022696000)]
  0x0000000004cad000 JavaThread "main" [_thread_in_vm, id=5697, stack(0x000000000623b000,0x000000000633b000)]

Other Threads:
  0x0000000020475800 VMThread [stack: 0x0000000022495000,0x0000000022595000] [id=5706]
  0x0000000020bd9000 WatcherThread [stack: 0x0000000023764000,0x0000000023864000] [id=5715]

VM state:synchronizing (normal execution)

VM Mutex/Monitor currently owned by a thread:  ([mutex/lock_event])
[0x0000000004ca95b0] Safepoint_lock - owner thread: 0x0000000020475800
[0x0000000004ca9650] Threads_lock - owner thread: 0x0000000020475800

heap address: 0x00000006c7600000, size: 3978 MB, Compressed Oops mode: Zero based, Oop shift amount: 3
Narrow klass base: 0x0000000000000000, Narrow klass shift: 3
Compressed class space size: 1073741824 Address: 0x00000007c0000000

Heap:
 PSYoungGen      total 189440K, used 18610K [0x000000076d200000, 0x0000000779b80000, 0x00000007c0000000)
  eden space 179200K, 4% used [0x000000076d200000,0x000000076da2cba0,0x0000000778100000)
  from space 10240K, 100% used [0x0000000779180000,0x0000000779b80000,0x0000000779b80000)
  to   space 10240K, 0% used [0x0000000778780000,0x0000000778780000,0x0000000779180000)
 ParOldGen       total 332800K, used 88727K [0x00000006c7600000, 0x00000006dbb00000, 0x000000076d200000)
  object space 332800K, 26% used [0x00000006c7600000,0x00000006ccca5f28,0x00000006dbb00000)
 Metaspace       used 4061K, capacity 4686K, committed 4864K, reserved 1056768K
  class space    used 454K, capacity 500K, committed 512K, reserved 1048576K

Card table byte_map: [0x0000000015d66000,0x000000001652c000] byte_map_base: 0x000000001272b000

Marking Bits: (ParMarkBitMap*) 0x00000000060ce0c0
 Begin Bits: [0x0000000017262000, 0x000000001b08a000)
 End Bits:   [0x000000001b08a000, 0x000000001eeb2000)

Polling page: 0x000000000402b000

CodeCache: size=245760Kb used=1186Kb max_used=1186Kb free=244573Kb
 bounds [0x00000000069a6000, 0x0000000006c16000, 0x00000000159a6000]
 total_blobs=363 nmethods=93 adapters=201
 compilation: enabled

Compilation events (10 events):
Event: 28,776 Thread 0x00000000207cc800  130       3       java.lang.String::substring (79 bytes)
Event: 28,779 Thread 0x00000000207cc800 nmethod 130 0x0000000006acb610 code [0x0000000006acb7e0, 0x0000000006acbc98]
Event: 28,779 Thread 0x00000000207cc800  132       3       java.net.URI::access$300 (7 bytes)
Event: 28,781 Thread 0x00000000207cc800 nmethod 132 0x0000000006acbe50 code [0x0000000006acbfc0, 0x0000000006acc128]
Event: 28,781 Thread 0x00000000207cc800  133       3       java.net.URI::match (56 bytes)
Event: 28,788 Thread 0x00000000207cc800 nmethod 133 0x0000000006acc1d0 code [0x0000000006acc340, 0x0000000006acc650]
Event: 28,788 Thread 0x00000000207cc800  131       3       sun.nio.fs.UnixUriUtils::match (50 bytes)
Event: 28,789 Thread 0x00000000207cc800 nmethod 131 0x0000000006acc6d0 code [0x0000000006acc840, 0x0000000006accb10]
Event: 29,017 Thread 0x00000000207cc800  135       3       binarytrees::lambda$main$0 (82 bytes)
Event: 29,029 Thread 0x00000000207cc800 nmethod 135 0x0000000006accb90 code [0x0000000006acce60, 0x0000000006ace038]

GC Heap History (10 events):
Event: 7,285 GC heap before
{Heap before GC invocations=2 (full 0):
 PSYoungGen      total 74752K, used 74720K [0x000000076d200000, 0x0000000776400000, 0x00000007c0000000)
  eden space 64512K, 100% used [0x000000076d200000,0x0000000771100000,0x0000000771100000)
  from space 10240K, 99% used [0x0000000771100000,0x0000000771af8020,0x0000000771b00000)
  to   space 10240K, 0% used [0x0000000775a00000,0x0000000775a00000,0x0000000776400000)
 ParOldGen       total 171008K, used 54396K [0x00000006c7600000, 0x00000006d1d00000, 0x000000076d200000)
  object space 171008K, 31% used [0x00000006c7600000,0x00000006cab1f020,0x00000006d1d00000)
 Metaspace       used 2847K, capacity 4490K, committed 4864K, reserved 1056768K
  class space    used 296K, capacity 386K, committed 512K, reserved 1048576K
Event: 8,788 GC heap after
Heap after GC invocations=2 (full 0):
 PSYoungGen      total 139264K, used 10240K [0x000000076d200000, 0x0000000776400000, 0x00000007c0000000)
  eden space 129024K, 0% used [0x000000076d200000,0x000000076d200000,0x0000000775000000)
  from space 10240K, 100% used [0x0000000775a00000,0x0000000776400000,0x0000000776400000)
  to   space 10240K, 0% used [0x0000000775000000,0x0000000775000000,0x0000000775a00000)
 ParOldGen       total 171008K, used 117868K [0x00000006c7600000, 0x00000006d1d00000, 0x000000076d200000)
  object space 171008K, 68% used [0x00000006c7600000,0x00000006ce91b020,0x00000006d1d00000)
 Metaspace       used 2847K, capacity 4490K, committed 4864K, reserved 1056768K
  class space    used 296K, capacity 386K, committed 512K, reserved 1048576K
}
Event: 8,789 GC heap before
{Heap before GC invocations=3 (full 1):
 PSYoungGen      total 139264K, used 10240K [0x000000076d200000, 0x0000000776400000, 0x00000007c0000000)
  eden space 129024K, 0% used [0x000000076d200000,0x000000076d200000,0x0000000775000000)
  from space 10240K, 100% used [0x0000000775a00000,0x0000000776400000,0x0000000776400000)
  to   space 10240K, 0% used [0x0000000775000000,0x0000000775000000,0x0000000775a00000)
 ParOldGen       total 171008K, used 117868K [0x00000006c7600000, 0x00000006d1d00000, 0x000000076d200000)
  object space 171008K, 68% used [0x00000006c7600000,0x00000006ce91b020,0x00000006d1d00000)
 Metaspace       used 2847K, capacity 4490K, committed 4864K, reserved 1056768K
  class space    used 296K, capacity 386K, committed 512K, reserved 1048576K
Event: 19,110 GC heap after
Heap after GC invocations=3 (full 1):
 PSYoungGen      total 139264K, used 0K [0x000000076d200000, 0x0000000776400000, 0x00000007c0000000)
  eden space 129024K, 0% used [0x000000076d200000,0x000000076d200000,0x0000000775000000)
  from space 10240K, 0% used [0x0000000775a00000,0x0000000775a00000,0x0000000776400000)
  to   space 10240K, 0% used [0x0000000775000000,0x0000000775000000,0x0000000775a00000)
 ParOldGen       total 293376K, used 127607K [0x00000006c7600000, 0x00000006d9480000, 0x000000076d200000)
  object space 293376K, 43% used [0x00000006c7600000,0x00000006cf29dc08,0x00000006d9480000)
 Metaspace       used 2847K, capacity 4490K, committed 4864K, reserved 1056768K
  class space    used 296K, capacity 386K, committed 512K, reserved 1048576K
}
Event: 19,997 GC heap before
{Heap before GC invocations=4 (full 1):
 PSYoungGen      total 139264K, used 129024K [0x000000076d200000, 0x0000000776400000, 0x00000007c0000000)
  eden space 129024K, 100% used [0x000000076d200000,0x0000000775000000,0x0000000775000000)
  from space 10240K, 0% used [0x0000000775a00000,0x0000000775a00000,0x0000000776400000)
  to   space 10240K, 0% used [0x0000000775000000,0x0000000775000000,0x0000000775a00000)
 ParOldGen       total 293376K, used 127607K [0x00000006c7600000, 0x00000006d9480000, 0x000000076d200000)
  object space 293376K, 43% used [0x00000006c7600000,0x00000006cf29dc08,0x00000006d9480000)
 Metaspace       used 3007K, capacity 4494K, committed 4864K, reserved 1056768K
  class space    used 319K, capacity 386K, committed 512K, reserved 1048576K
Event: 22,582 GC heap after
Heap after GC invocations=4 (full 1):
 PSYoungGen      total 139264K, used 10240K [0x000000076d200000, 0x0000000779b80000, 0x00000007c0000000)
  eden space 129024K, 0% used [0x000000076d200000,0x000000076d200000,0x0000000775000000)
  from space 10240K, 100% used [0x0000000775000000,0x0000000775a00000,0x0000000775a00000)
  to   space 10240K, 0% used [0x0000000779180000,0x0000000779180000,0x0000000779b80000)
 ParOldGen       total 293376K, used 242991K [0x00000006c7600000, 0x00000006d9480000, 0x000000076d200000)
  object space 293376K, 82% used [0x00000006c7600000,0x00000006d634bc08,0x00000006d9480000)
 Metaspace       used 3007K, capacity 4494K, committed 4864K, reserved 1056768K
  class space    used 319K, capacity 386K, committed 512K, reserved 1048576K
}
Event: 22,582 GC heap before
{Heap before GC invocations=5 (full 2):
 PSYoungGen      total 139264K, used 10240K [0x000000076d200000, 0x0000000779b80000, 0x00000007c0000000)
  eden space 129024K, 0% used [0x000000076d200000,0x000000076d200000,0x0000000775000000)
  from space 10240K, 100% used [0x0000000775000000,0x0000000775a00000,0x0000000775a00000)
  to   space 10240K, 0% used [0x0000000779180000,0x0000000779180000,0x0000000779b80000)
 ParOldGen       total 293376K, used 242991K [0x00000006c7600000, 0x00000006d9480000, 0x000000076d200000)
  object space 293376K, 82% used [0x00000006c7600000,0x00000006d634bc08,0x00000006d9480000)
 Metaspace       used 3007K, capacity 4494K, committed 4864K, reserved 1056768K
  class space    used 319K, capacity 386K, committed 512K, reserved 1048576K
Event: 27,036 GC heap after
Heap after GC invocations=5 (full 2):
 PSYoungGen      total 139264K, used 0K [0x000000076d200000, 0x0000000779b80000, 0x00000007c0000000)
  eden space 129024K, 0% used [0x000000076d200000,0x000000076d200000,0x0000000775000000)
  from space 10240K, 0% used [0x0000000775000000,0x0000000775000000,0x0000000775a00000)
  to   space 10240K, 0% used [0x0000000779180000,0x0000000779180000,0x0000000779b80000)
 ParOldGen       total 332800K, used 56159K [0x00000006c7600000, 0x00000006dbb00000, 0x000000076d200000)
  object space 332800K, 16% used [0x00000006c7600000,0x00000006cacd7f28,0x00000006dbb00000)
 Metaspace       used 3007K, capacity 4494K, committed 4864K, reserved 1056768K
  class space    used 319K, capacity 386K, committed 512K, reserved 1048576K
}
Event: 29,038 GC heap before
{Heap before GC invocations=6 (full 2):
 PSYoungGen      total 139264K, used 129024K [0x000000076d200000, 0x0000000779b80000, 0x00000007c0000000)
  eden space 129024K, 100% used [0x000000076d200000,0x0000000775000000,0x0000000775000000)
  from space 10240K, 0% used [0x0000000775000000,0x0000000775000000,0x0000000775a00000)
  to   space 10240K, 0% used [0x0000000779180000,0x0000000779180000,0x0000000779b80000)
 ParOldGen       total 332800K, used 56159K [0x00000006c7600000, 0x00000006dbb00000, 0x000000076d200000)
  object space 332800K, 16% used [0x00000006c7600000,0x00000006cacd7f28,0x00000006dbb00000)
 Metaspace       used 4061K, capacity 4686K, committed 4864K, reserved 1056768K
  class space    used 454K, capacity 500K, committed 512K, reserved 1048576K
Event: 29,900 GC heap after
Heap after GC invocations=6 (full 2):
 PSYoungGen      total 189440K, used 10240K [0x000000076d200000, 0x0000000779b80000, 0x00000007c0000000)
  eden space 179200K, 0% used [0x000000076d200000,0x000000076d200000,0x0000000778100000)
  from space 10240K, 100% used [0x0000000779180000,0x0000000779b80000,0x0000000779b80000)
  to   space 10240K, 0% used [0x0000000778780000,0x0000000778780000,0x0000000779180000)
 ParOldGen       total 332800K, used 88727K [0x00000006c7600000, 0x00000006dbb00000, 0x000000076d200000)
  object space 332800K, 26% used [0x00000006c7600000,0x00000006ccca5f28,0x00000006dbb00000)
 Metaspace       used 4061K, capacity 4686K, committed 4864K, reserved 1056768K
  class space    used 454K, capacity 500K, committed 512K, reserved 1048576K
}

Class unloading (0 events):
No events

Deoptimization events (0 events):
No events

Classes redefined (0 events):
No events

Internal exceptions (4 events):
Event: 1,196 Thread 0x0000000004cad000 Exception <a 'java/lang/NoSuchMethodError': Method sun.misc.Unsafe.defineClass(Ljava/lang/String;[BII)Ljava/lang/Class; name or signature does not match> (0x000000076d207d60) thrown at [/b/b/e/main/graal-jvmci-8/src/share/vm/prims/jni.cpp, line 4027]
Event: 1,198 Thread 0x0000000004cad000 Exception <a 'java/lang/NoSuchMethodError': Method sun.misc.Unsafe.prefetchRead(Ljava/lang/Object;J)V name or signature does not match> (0x000000076d208048) thrown at [/b/b/e/main/graal-jvmci-8/src/share/vm/prims/jni.cpp, line 4027]
Event: 27,602 Thread 0x0000000004cad000 Exception <a 'java/lang/NoSuchFieldError': method resolution failed> (0x000000076fc40900) thrown at [/b/b/e/main/graal-jvmci-8/src/share/vm/prims/methodHandles.cpp, line 1167]
Event: 27,629 Thread 0x0000000004cad000 Exception <a 'java/lang/NoSuchFieldError': method resolution failed> (0x000000076fc4dd30) thrown at [/b/b/e/main/graal-jvmci-8/src/share/vm/prims/methodHandles.cpp, line 1167]

Events (10 events):
Event: 28,767 Thread 0x0000000020c23000 DEOPT UNPACKING pc=0x00000000069ef599 sp=0x00000000260ff570 mode 0
Event: 28,790 Thread 0x0000000020c35000 Thread added: 0x0000000020c35000
Event: 28,798 Thread 0x0000000020874000 Thread added: 0x0000000020874000
Event: 28,983 Executing VM operation: RevokeBias
Event: 28,992 Thread 0x0000000020c23000 DEOPT PACKING pc=0x0000000006aca19f sp=0x00000000260ff750
Event: 28,992 Thread 0x0000000020c23000 DEOPT UNPACKING pc=0x00000000069ef599 sp=0x00000000260ff570 mode 0
Event: 29,030 Thread 0x0000000020876000 Thread added: 0x0000000020876000
Event: 29,901 Executing VM operation: RevokeBias done
Event: 29,902 Thread 0x0000000020bb2800 Thread added: 0x0000000020bb2800
Event: 29,918 Executing VM operation: RevokeBias


Dynamic libraries:
00400000-00401000 r-xp 00000000 fd:00 2364285                            /usr/lib/graal/graalvm-ce-java8-20.0.0/bin/java
00600000-00601000 r--p 00000000 fd:00 2364285                            /usr/lib/graal/graalvm-ce-java8-20.0.0/bin/java
00601000-00602000 rw-p 00001000 fd:00 2364285                            /usr/lib/graal/graalvm-ce-java8-20.0.0/bin/java
04000000-04001000 r--p 00000000 fd:00 6032988                            /usr/lib/x86_64-linux-gnu/ld-2.30.so
04001000-04023000 r-xp 00001000 fd:00 6032988                            /usr/lib/x86_64-linux-gnu/ld-2.30.so
04023000-0402b000 r--p 00023000 fd:00 6032988                            /usr/lib/x86_64-linux-gnu/ld-2.30.so
0402b000-0402c000 ---p 00000000 00:00 0 
0402c000-0402d000 r--p 0002b000 fd:00 6032988                            /usr/lib/x86_64-linux-gnu/ld-2.30.so
0402d000-0402e000 rw-p 0002c000 fd:00 6032988                            /usr/lib/x86_64-linux-gnu/ld-2.30.so
0402e000-0402f000 rw-p 00000000 00:00 0 
0402f000-04030000 rwxp 00000000 00:00 0 
0482f000-04831000 rw-p 00000000 00:00 0 
04831000-04832000 r--p 00000000 fd:00 6689861                            /usr/lib/x86_64-linux-gnu/valgrind/vgpreload_core-amd64-linux.so
04832000-04833000 r-xp 00001000 fd:00 6689861                            /usr/lib/x86_64-linux-gnu/valgrind/vgpreload_core-amd64-linux.so
04833000-04834000 r--p 00002000 fd:00 6689861                            /usr/lib/x86_64-linux-gnu/valgrind/vgpreload_core-amd64-linux.so
04834000-04835000 r--p 00002000 fd:00 6689861                            /usr/lib/x86_64-linux-gnu/valgrind/vgpreload_core-amd64-linux.so
04835000-04836000 rw-p 00003000 fd:00 6689861                            /usr/lib/x86_64-linux-gnu/valgrind/vgpreload_core-amd64-linux.so
04836000-04838000 r--p 00000000 fd:00 6689871                            /usr/lib/x86_64-linux-gnu/valgrind/vgpreload_massif-amd64-linux.so
04838000-0483c000 r-xp 00002000 fd:00 6689871                            /usr/lib/x86_64-linux-gnu/valgrind/vgpreload_massif-amd64-linux.so
0483c000-0483e000 r--p 00006000 fd:00 6689871                            /usr/lib/x86_64-linux-gnu/valgrind/vgpreload_massif-amd64-linux.so
0483e000-0483f000 r--p 00007000 fd:00 6689871                            /usr/lib/x86_64-linux-gnu/valgrind/vgpreload_massif-amd64-linux.so
0483f000-04840000 rw-p 00008000 fd:00 6689871                            /usr/lib/x86_64-linux-gnu/valgrind/vgpreload_massif-amd64-linux.so
04840000-04841000 rw-p 00000000 00:00 0 
04841000-04844000 r--p 00000000 fd:00 6033037                            /usr/lib/x86_64-linux-gnu/libnss_files-2.30.so
04844000-0484b000 r-xp 00003000 fd:00 6033037                            /usr/lib/x86_64-linux-gnu/libnss_files-2.30.so
0484b000-0484d000 r--p 0000a000 fd:00 6033037                            /usr/lib/x86_64-linux-gnu/libnss_files-2.30.so
0484d000-0484e000 r--p 0000b000 fd:00 6033037                            /usr/lib/x86_64-linux-gnu/libnss_files-2.30.so
0484e000-0484f000 rw-p 0000c000 fd:00 6033037                            /usr/lib/x86_64-linux-gnu/libnss_files-2.30.so
0484f000-04855000 rw-p 00000000 00:00 0 
04855000-04856000 r--s 00005000 fd:00 4719466                            /usr/lib/graal/graalvm-ce-java8-20.0.0/jre/lib/jvmci-services.jar
04856000-04858000 r--s 0000d000 fd:00 4719301                            /usr/lib/graal/graalvm-ce-java8-20.0.0/jre/lib/boot/graaljs-scriptengine.jar
0485b000-04862000 r--p 00000000 fd:00 6033047                            /usr/lib/x86_64-linux-gnu/libpthread-2.30.so
04862000-04873000 r-xp 00007000 fd:00 6033047                            /usr/lib/x86_64-linux-gnu/libpthread-2.30.so
04873000-04878000 r--p 00018000 fd:00 6033047                            /usr/lib/x86_64-linux-gnu/libpthread-2.30.so
04878000-04879000 r--p 0001c000 fd:00 6033047                            /usr/lib/x86_64-linux-gnu/libpthread-2.30.so
04879000-0487a000 rw-p 0001d000 fd:00 6033047                            /usr/lib/x86_64-linux-gnu/libpthread-2.30.so
0487a000-0487e000 rw-p 00000000 00:00 0 
0487e000-04894000 r-xp 00000000 fd:00 3146061                            /usr/lib/graal/graalvm-ce-java8-20.0.0/lib/amd64/jli/libjli.so
04894000-04a93000 ---p 00016000 fd:00 3146061                            /usr/lib/graal/graalvm-ce-java8-20.0.0/lib/amd64/jli/libjli.so
04a93000-04a94000 r--p 00015000 fd:00 3146061                            /usr/lib/graal/graalvm-ce-java8-20.0.0/lib/amd64/jli/libjli.so
04a94000-04a95000 rw-p 00016000 fd:00 3146061                            /usr/lib/graal/graalvm-ce-java8-20.0.0/lib/amd64/jli/libjli.so
04a95000-04a96000 r--p 00000000 fd:00 6033000                            /usr/lib/x86_64-linux-gnu/libdl-2.30.so
04a96000-04a98000 r-xp 00001000 fd:00 6033000                            /usr/lib/x86_64-linux-gnu/libdl-2.30.so
04a98000-04a99000 r--p 00003000 fd:00 6033000                            /usr/lib/x86_64-linux-gnu/libdl-2.30.so
04a99000-04a9a000 r--p 00003000 fd:00 6033000                            /usr/lib/x86_64-linux-gnu/libdl-2.30.so
04a9a000-04a9b000 rw-p 00004000 fd:00 6033000                            /usr/lib/x86_64-linux-gnu/libdl-2.30.so
04a9b000-04ac0000 r--p 00000000 fd:00 6032996                            /usr/lib/x86_64-linux-gnu/libc-2.30.so
04ac0000-04c38000 r-xp 00025000 fd:00 6032996                            /usr/lib/x86_64-linux-gnu/libc-2.30.so
04c38000-04c82000 r--p 0019d000 fd:00 6032996                            /usr/lib/x86_64-linux-gnu/libc-2.30.so
04c82000-04c85000 r--p 001e6000 fd:00 6032996                            /usr/lib/x86_64-linux-gnu/libc-2.30.so
04c85000-04c88000 rw-p 001e9000 fd:00 6032996                            /usr/lib/x86_64-linux-gnu/libc-2.30.so
04c88000-04c8e000 rw-p 00000000 00:00 0 
04c8e000-0508e000 rwxp 00000000 00:00 0 
0508e000-05df1000 r-xp 00000000 fd:00 4719504                            /usr/lib/graal/graalvm-ce-java8-20.0.0/jre/lib/amd64/server/libjvm.so
05df1000-05ff0000 ---p 00d63000 fd:00 4719504                            /usr/lib/graal/graalvm-ce-java8-20.0.0/jre/lib/amd64/server/libjvm.so
05ff0000-060b9000 rw-p 00d62000 fd:00 4719504                            /usr/lib/graal/graalvm-ce-java8-20.0.0/jre/lib/amd64/server/libjvm.so
060b9000-060eb000 rw-p 00000000 00:00 0 
060eb000-060fa000 r--p 00000000 fd:00 6033002                            /usr/lib/x86_64-linux-gnu/libm-2.30.so
060fa000-061a1000 r-xp 0000f000 fd:00 6033002                            /usr/lib/x86_64-linux-gnu/libm-2.30.so
061a1000-06238000 r--p 000b6000 fd:00 6033002                            /usr/lib/x86_64-linux-gnu/libm-2.30.so
06238000-06239000 r--p 0014c000 fd:00 6033002                            /usr/lib/x86_64-linux-gnu/libm-2.30.so
06239000-0623a000 rw-p 0014d000 fd:00 6033002                            /usr/lib/x86_64-linux-gnu/libm-2.30.so
0623a000-0623b000 ---p 00000000 00:00 0 
0623b000-0623e000 ---p 00000000 00:00 0 
0623e000-0633b000 rw-p 00000000 00:00 0 
0633b000-0633e000 r--p 00000000 fd:00 6033051                            /usr/lib/x86_64-linux-gnu/librt-2.30.so
0633e000-06342000 r-xp 00003000 fd:00 6033051                            /usr/lib/x86_64-linux-gnu/librt-2.30.so
06342000-06344000 r--p 00007000 fd:00 6033051                            /usr/lib/x86_64-linux-gnu/librt-2.30.so
06344000-06345000 r--p 00008000 fd:00 6033051                            /usr/lib/x86_64-linux-gnu/librt-2.30.so
06345000-06346000 rw-p 00009000 fd:00 6033051                            /usr/lib/x86_64-linux-gnu/librt-2.30.so
06346000-06355000 r-xp 00000000 fd:00 4719496                            /usr/lib/graal/graalvm-ce-java8-20.0.0/jre/lib/amd64/libverify.so
06355000-06554000 ---p 0000f000 fd:00 4719496                            /usr/lib/graal/graalvm-ce-java8-20.0.0/jre/lib/amd64/libverify.so
06554000-06556000 r--p 0000e000 fd:00 4719496                            /usr/lib/graal/graalvm-ce-java8-20.0.0/jre/lib/amd64/libverify.so
06556000-06557000 rw-p 00010000 fd:00 4719496                            /usr/lib/graal/graalvm-ce-java8-20.0.0/jre/lib/amd64/libverify.so
06557000-0657f000 r-xp 00000000 fd:00 4719508                            /usr/lib/graal/graalvm-ce-java8-20.0.0/jre/lib/amd64/libjava.so
0657f000-0677e000 ---p 00028000 fd:00 4719508                            /usr/lib/graal/graalvm-ce-java8-20.0.0/jre/lib/amd64/libjava.so
0677e000-0677f000 r--p 00027000 fd:00 4719508                            /usr/lib/graal/graalvm-ce-java8-20.0.0/jre/lib/amd64/libjava.so
0677f000-06781000 rw-p 00028000 fd:00 4719508                            /usr/lib/graal/graalvm-ce-java8-20.0.0/jre/lib/amd64/libjava.so
06781000-06789000 rw-s 00000000 fd:00 1971296                            /tmp/hsperfdata_moz/5696
06789000-067a4000 r-xp 00000000 fd:00 4719482                            /usr/lib/graal/graalvm-ce-java8-20.0.0/jre/lib/amd64/libzip.so
067a4000-069a4000 ---p 0001b000 fd:00 4719482                            /usr/lib/graal/graalvm-ce-java8-20.0.0/jre/lib/amd64/libzip.so
069a4000-069a5000 r--p 0001b000 fd:00 4719482                            /usr/lib/graal/graalvm-ce-java8-20.0.0/jre/lib/amd64/libzip.so
069a5000-069a6000 rw-p 0001c000 fd:00 4719482                            /usr/lib/graal/graalvm-ce-java8-20.0.0/jre/lib/amd64/libzip.so
069a6000-06c16000 rwxp 00000000 00:00 0 
06c16000-159a6000 ---p 00000000 00:00 0 
159a6000-159b0000 rw-p 00000000 00:00 0 
159b0000-15d66000 ---p 00000000 00:00 0 
15d66000-15e09000 rw-p 00000000 00:00 0 
15e09000-16294000 ---p 00000000 00:00 0 
16294000-162f9000 rw-p 00000000 00:00 0 
162f9000-1652b000 ---p 00000000 00:00 0 
1652b000-165cf000 rw-p 00000000 00:00 0 
165cf000-16a5a000 ---p 00000000 00:00 0 
16a5a000-16a5b000 ---p 00000000 00:00 0 
16a5b000-16b5b000 rw-p 00000000 00:00 0 
16b5b000-16b5c000 ---p 00000000 00:00 0 
16b5c000-16c5c000 rw-p 00000000 00:00 0 
16c5c000-16c5d000 ---p 00000000 00:00 0 
16c5d000-16d5d000 rw-p 00000000 00:00 0 
16d5d000-16d5e000 ---p 00000000 00:00 0 
16d5e000-16e5e000 rw-p 00000000 00:00 0 
16e5e000-16e5f000 ---p 00000000 00:00 0 
16e5f000-16f5f000 rw-p 00000000 00:00 0 
16f5f000-16f60000 ---p 00000000 00:00 0 
16f60000-17060000 rw-p 00000000 00:00 0 
17060000-17061000 ---p 00000000 00:00 0 
17061000-17161000 rw-p 00000000 00:00 0 
17161000-17162000 ---p 00000000 00:00 0 
17162000-1fb05000 rw-p 00000000 00:00 0 
1fb05000-1fec5000 ---p 00000000 00:00 0 
1fec5000-20094000 r--s 03c60000 fd:00 4719514                            /usr/lib/graal/graalvm-ce-java8-20.0.0/jre/lib/rt.jar
20094000-22494000 rwxp 00000000 00:00 0 
22494000-22495000 ---p 00000000 00:00 0 
22495000-22595000 rw-p 00000000 00:00 0 
22595000-22598000 ---p 00000000 00:00 0 
22598000-22696000 rw-p 00000000 00:00 0 
22696000-22699000 ---p 00000000 00:00 0 
22699000-22797000 rw-p 00000000 00:00 0 
22797000-22d55000 r--p 00000000 fd:00 6030391                            /usr/lib/locale/locale-archive
22d55000-22d58000 ---p 00000000 00:00 0 
22d58000-22e56000 rw-p 00000000 00:00 0 
22e56000-22e57000 ---p 00000000 00:00 0 
22e57000-22e5a000 ---p 00000000 00:00 0 
22e5a000-23057000 rw-p 00000000 00:00 0 
23057000-23058000 ---p 00000000 00:00 0 
23058000-2305b000 ---p 00000000 00:00 0 
2305b000-23258000 rw-p 00000000 00:00 0 
23258000-23259000 ---p 00000000 00:00 0 
23259000-2325c000 ---p 00000000 00:00 0 
2325c000-23459000 rw-p 00000000 00:00 0 
23459000-2345a000 ---p 00000000 00:00 0 
2345a000-2345d000 ---p 00000000 00:00 0 
2345d000-2365a000 rw-p 00000000 00:00 0 
2365a000-2365d000 ---p 00000000 00:00 0 
2365d000-2375b000 rw-p 00000000 00:00 0 
2375b000-23763000 r--s 0007c000 fd:00 4719302                            /usr/lib/graal/graalvm-ce-java8-20.0.0/jre/lib/boot/graal-sdk.jar
23763000-23764000 ---p 00000000 00:00 0 
23764000-23864000 rw-p 00000000 00:00 0 
23864000-23875000 r-xp 00000000 fd:00 4719479                            /usr/lib/graal/graalvm-ce-java8-20.0.0/jre/lib/amd64/libnio.so
23875000-23a74000 ---p 00011000 fd:00 4719479                            /usr/lib/graal/graalvm-ce-java8-20.0.0/jre/lib/amd64/libnio.so
23a74000-23a75000 r--p 00010000 fd:00 4719479                            /usr/lib/graal/graalvm-ce-java8-20.0.0/jre/lib/amd64/libnio.so
23a75000-23a76000 rw-p 00011000 fd:00 4719479                            /usr/lib/graal/graalvm-ce-java8-20.0.0/jre/lib/amd64/libnio.so
23a76000-23a8d000 r-xp 00000000 fd:00 4719472                            /usr/lib/graal/graalvm-ce-java8-20.0.0/jre/lib/amd64/libnet.so
23a8d000-23c8c000 ---p 00017000 fd:00 4719472                            /usr/lib/graal/graalvm-ce-java8-20.0.0/jre/lib/amd64/libnet.so
23c8c000-23c8d000 r--p 00016000 fd:00 4719472                            /usr/lib/graal/graalvm-ce-java8-20.0.0/jre/lib/amd64/libnet.so
23c8d000-23c8e000 rw-p 00017000 fd:00 4719472                            /usr/lib/graal/graalvm-ce-java8-20.0.0/jre/lib/amd64/libnet.so
23c8e000-257eb000 r-xp 00000000 fd:00 4719299                            /usr/lib/graal/graalvm-ce-java8-20.0.0/jre/lib/amd64/libjvmcicompiler.so
257eb000-259eb000 rw-p 01b5d000 fd:00 4719299                            /usr/lib/graal/graalvm-ce-java8-20.0.0/jre/lib/amd64/libjvmcicompiler.so
259eb000-259ef000 r-xp 01d5d000 fd:00 4719299                            /usr/lib/graal/graalvm-ce-java8-20.0.0/jre/lib/amd64/libjvmcicompiler.so
259ef000-25bee000 ---p 01d61000 fd:00 4719299                            /usr/lib/graal/graalvm-ce-java8-20.0.0/jre/lib/amd64/libjvmcicompiler.so
25bee000-25bf1000 rw-p 01d60000 fd:00 4719299                            /usr/lib/graal/graalvm-ce-java8-20.0.0/jre/lib/amd64/libjvmcicompiler.so
25c0c000-25c0e000 r--p 00000000 fd:00 6038993                            /usr/lib/x86_64-linux-gnu/libz.so.1.2.11
25c0e000-25c1f000 r-xp 00002000 fd:00 6038993                            /usr/lib/x86_64-linux-gnu/libz.so.1.2.11
25c1f000-25c25000 r--p 00013000 fd:00 6038993                            /usr/lib/x86_64-linux-gnu/libz.so.1.2.11
25c25000-25c26000 ---p 00019000 fd:00 6038993                            /usr/lib/x86_64-linux-gnu/libz.so.1.2.11
25c26000-25c27000 r--p 00019000 fd:00 6038993                            /usr/lib/x86_64-linux-gnu/libz.so.1.2.11
25c27000-25c28000 rw-p 0001a000 fd:00 6038993                            /usr/lib/x86_64-linux-gnu/libz.so.1.2.11
25d00000-26000000 rw-p 00000000 00:00 0 
26000000-26003000 ---p 00000000 00:00 0 
26003000-26101000 rw-p 00000000 00:00 0 
26101000-26104000 ---p 00000000 00:00 0 
26104000-26202000 rw-p 00000000 00:00 0 
26300000-26400000 rw-p 00000000 00:00 0 
26400000-26403000 ---p 00000000 00:00 0 
26403000-26501000 rw-p 00000000 00:00 0 
26501000-26504000 ---p 00000000 00:00 0 
26504000-26602000 rw-p 00000000 00:00 0 
26602000-26605000 ---p 00000000 00:00 0 
26605000-26703000 rw-p 00000000 00:00 0 
58000000-58001000 r--p 00000000 fd:00 6689787                            /usr/lib/x86_64-linux-gnu/valgrind/massif-amd64-linux
58001000-581be000 r-xp 00001000 fd:00 6689787                            /usr/lib/x86_64-linux-gnu/valgrind/massif-amd64-linux
581be000-5824c000 r--p 001be000 fd:00 6689787                            /usr/lib/x86_64-linux-gnu/valgrind/massif-amd64-linux
5824c000-58252000 rw-p 0024b000 fd:00 6689787                            /usr/lib/x86_64-linux-gnu/valgrind/massif-amd64-linux
58252000-58c45000 rw-p 00000000 00:00 0 
6c7600000-6dbb00000 rw-p 00000000 00:00 0 
6dbb00000-76d200000 ---p 00000000 00:00 0 
76d200000-779b80000 rw-p 00000000 00:00 0 
779b80000-7c0000000 ---p 00000000 00:00 0 
7c0000000-7c0080000 rw-p 00000000 00:00 0 
7c0080000-800000000 ---p 00000000 00:00 0 
1002001000-100278c000 rwxp 00000000 00:00 0 
100278c000-100278e000 ---p 00000000 00:00 0 
100278e000-100288e000 rwxp 00000000 00:00 0 
100288e000-1002890000 ---p 00000000 00:00 0 
1002890000-1002891000 rw-s 00000000 fd:00 1971293                        /tmp/vgdb-pipe-shared-mem-vgdb-5696-by-moz-on-???
1002891000-1004254000 rwxp 00000000 00:00 0 
1004275000-1004285000 rwxp 00000000 00:00 0 
1004294000-1004f34000 rwxp 00000000 00:00 0 
1004fc8000-10051c8000 rwxp 00000000 00:00 0 
10051c8000-10051ca000 ---p 00000000 00:00 0 
10051ca000-10052ca000 rwxp 00000000 00:00 0 
10052ca000-10052ce000 ---p 00000000 00:00 0 
10052ce000-10053ce000 rwxp 00000000 00:00 0 
10053ce000-10053d2000 ---p 00000000 00:00 0 
10053d2000-10054d2000 rwxp 00000000 00:00 0 
10054d2000-10054d6000 ---p 00000000 00:00 0 
10054d6000-10055d6000 rwxp 00000000 00:00 0 
10055d6000-10055da000 ---p 00000000 00:00 0 
10055da000-10056da000 rwxp 00000000 00:00 0 
10056da000-10056de000 ---p 00000000 00:00 0 
10056de000-10057de000 rwxp 00000000 00:00 0 
10057de000-10057e2000 ---p 00000000 00:00 0 
10057e2000-10058e2000 rwxp 00000000 00:00 0 
10058e2000-10058e6000 ---p 00000000 00:00 0 
10058e6000-10059e6000 rwxp 00000000 00:00 0 
10059e6000-10059ea000 ---p 00000000 00:00 0 
10059ea000-1005aea000 rwxp 00000000 00:00 0 
1005aea000-1005aec000 ---p 00000000 00:00 0 
1005aec000-1005eec000 rwxp 00000000 00:00 0 
1005eec000-1005eee000 ---p 00000000 00:00 0 
1005eee000-1005fee000 rwxp 00000000 00:00 0 
1005fee000-1005ff2000 ---p 00000000 00:00 0 
1005ff2000-10060f2000 rwxp 00000000 00:00 0 
10060f2000-10060f6000 ---p 00000000 00:00 0 
10060f6000-10061f6000 rwxp 00000000 00:00 0 
10061f6000-10061fa000 ---p 00000000 00:00 0 
10061fa000-10062fa000 rwxp 00000000 00:00 0 
10062fa000-10062fe000 ---p 00000000 00:00 0 
10062fe000-10063fe000 rwxp 00000000 00:00 0 
10063fe000-1006402000 ---p 00000000 00:00 0 
1006402000-1006502000 rwxp 00000000 00:00 0 
1006502000-1006506000 ---p 00000000 00:00 0 
1006506000-1006606000 rwxp 00000000 00:00 0 
1006606000-100660a000 ---p 00000000 00:00 0 
100660a000-100670a000 rwxp 00000000 00:00 0 
100670a000-100670e000 ---p 00000000 00:00 0 
100670e000-100680e000 rwxp 00000000 00:00 0 
100680e000-1006810000 ---p 00000000 00:00 0 
1006810000-1007cd4000 rwxp 00000000 00:00 0 
1007cd4000-1007cd6000 ---p 00000000 00:00 0 
1007cd6000-1007dd6000 rwxp 00000000 00:00 0 
1007dd6000-1007dda000 ---p 00000000 00:00 0 
1007dda000-1007eda000 rwxp 00000000 00:00 0 
1007eda000-1007ede000 ---p 00000000 00:00 0 
1007ede000-1007fde000 rwxp 00000000 00:00 0 
1007fde000-1007fe0000 ---p 00000000 00:00 0 
1007fe0000-1008081000 rwxp 00000000 00:00 0 
1008081000-1008083000 ---p 00000000 00:00 0 
1008083000-1008183000 rwxp 00000000 00:00 0 
1008183000-1008187000 ---p 00000000 00:00 0 
1008187000-1008287000 rwxp 00000000 00:00 0 
1008287000-100828b000 ---p 00000000 00:00 0 
100828b000-100838b000 rwxp 00000000 00:00 0 
100838b000-100838d000 ---p 00000000 00:00 0 
1ffeff7000-1fff001000 rw-p 00000000 00:00 0 
7fffb1bd0000-7fffb1bf1000 rw-p 00000000 00:00 0                          [stack]
7fffb1bf5000-7fffb1bf8000 r--p 00000000 00:00 0                          [vvar]
ffffffffff600000-ffffffffff601000 --xp 00000000 00:00 0                  [vsyscall]

VM Arguments:
java_command: binarytrees 21
java_class_path (initial): .
Launcher Type: SUN_STANDARD

Environment Variables:
PATH=/usr/local/sbin:/usr/local/bin:/usr/sbin:/usr/bin:/sbin:/bin:/usr/games:/usr/local/games:/snap/bin:/home/moz/.dotnet/tools
USERNAME=moz
LD_LIBRARY_PATH=/usr/lib/debug
LD_PRELOAD=/usr/lib/x86_64-linux-gnu/valgrind/vgpreload_core-amd64-linux.so:/usr/lib/x86_64-linux-gnu/valgrind/vgpreload_massif-amd64-linux.so
SHELL=/bin/zsh
DISPLAY=:0

Signal Handlers:
SIGSEGV: [libjvm.so+0xb32a50], sa_mask[0]=11111111011111111101111111111110, sa_flags=SA_RESTART|SA_SIGINFO
SIGBUS: [libjvm.so+0xb32a50], sa_mask[0]=11111111011111111101111111111110, sa_flags=SA_RESTART|SA_SIGINFO
SIGFPE: [libjvm.so+0x96d500], sa_mask[0]=11111111011111111101111111111110, sa_flags=SA_RESTART|SA_SIGINFO
SIGPIPE: [libjvm.so+0x96d500], sa_mask[0]=11111111011111111101111111111110, sa_flags=SA_RESTART|SA_SIGINFO
SIGXFSZ: [libjvm.so+0x96d500], sa_mask[0]=11111111011111111101111111111110, sa_flags=SA_RESTART|SA_SIGINFO
SIGILL: [libjvm.so+0x96d500], sa_mask[0]=11111111011111111101111111111110, sa_flags=SA_RESTART|SA_SIGINFO
SIGUSR1: SIG_DFL, sa_mask[0]=00000000000000000000000000000000, sa_flags=none
SIGUSR2: [libjvm.so+0x96d3d0], sa_mask[0]=00000000000000000000000000000000, sa_flags=SA_RESTART|SA_SIGINFO
SIGHUP: [libjvm.so+0x96d9f0], sa_mask[0]=11111111011111111101111111111110, sa_flags=SA_RESTART|SA_SIGINFO
SIGINT: [libjvm.so+0x96d9f0], sa_mask[0]=11111111011111111101111111111110, sa_flags=SA_RESTART|SA_SIGINFO
SIGTERM: [libjvm.so+0x96d9f0], sa_mask[0]=11111111011111111101111111111110, sa_flags=SA_RESTART|SA_SIGINFO
SIGQUIT: [libjvm.so+0x96d9f0], sa_mask[0]=11111111011111111101111111111110, sa_flags=SA_RESTART|SA_SIGINFO


---------------  S Y S T E M  ---------------

OS:DISTRIB_ID=Ubuntu
DISTRIB_RELEASE=19.10
DISTRIB_CODENAME=eoan
DISTRIB_DESCRIPTION="Ubuntu 19.10"

uname:Linux 5.3.0-64-generic #58-Ubuntu SMP Fri Jul 10 19:33:51 UTC 2020 x86_64
libc:glibc 2.30 NPTL 2.30 
rlimit: STACK 8192k, CORE 0k, NPROC 63408, NOFILE 1024, AS infinity
load average:2,06 1,09 0,44

/proc/meminfo:
MemTotal:       16291524 kB
MemFree:        13040984 kB
MemAvailable:   14276864 kB
Buffers:          115612 kB
Cached:          1475512 kB
SwapCached:            0 kB
Active:          1815556 kB
Inactive:         885772 kB
Active(anon):    1260420 kB
Inactive(anon):     3200 kB
Active(file):     555136 kB
Inactive(file):   882572 kB
Unevictable:      150180 kB
Mlocked:              32 kB
SwapTotal:       1003516 kB
SwapFree:        1003516 kB
Dirty:                32 kB
Writeback:            12 kB
AnonPages:       1260376 kB
Mapped:           350032 kB
Shmem:            154784 kB
KReclaimable:     111728 kB
Slab:             274312 kB
SReclaimable:     111728 kB
SUnreclaim:       162584 kB
KernelStack:       10320 kB
PageTables:        14432 kB
NFS_Unstable:          0 kB
Bounce:                0 kB
WritebackTmp:          0 kB
CommitLimit:     9149276 kB
Committed_AS:    5319544 kB
VmallocTotal:   34359738367 kB
VmallocUsed:       31152 kB
VmallocChunk:          0 kB
Percpu:             7936 kB
HardwareCorrupted:     0 kB
AnonHugePages:         0 kB
ShmemHugePages:        0 kB
ShmemPmdMapped:        0 kB
CmaTotal:              0 kB
CmaFree:               0 kB
HugePages_Total:       0
HugePages_Free:        0
HugePages_Rsvd:        0
HugePages_Surp:        0
Hugepagesize:       2048 kB
Hugetlb:               0 kB
DirectMap4k:      313044 kB
DirectMap2M:     5873664 kB
DirectMap1G:    10485760 kB

container (cgroup) information:
container_type: cgroupv1
cpu_cpuset_cpus: 0-7
cpu_memory_nodes: 0
active_processor_count: 8
cpu_quota: -1
cpu_period: 100000
cpu_shares: -1
memory_limit_in_bytes: -1
memory_and_swap_limit_in_bytes: -2
memory_soft_limit_in_bytes: -1
memory_usage_in_bytes: 1552699392
memory_max_usage_in_bytes: 2253819904


CPU:total 8 (initial active 8) (4 cores per cpu, 2 threads per core) family 6 model 60 stepping 3, cmov, cx8, fxsr, mmx, sse, sse2, sse3, ssse3, sse4.1, sse4.2, popcnt, avx, avx2, aes, clmul, erms, lzcnt, ht, tsc, tscinvbit, bmi1, bmi2

/proc/cpuinfo:
processor	: 0
vendor_id	: GenuineIntel
cpu family	: 6
model		: 142
model name	: Intel(R) Core(TM) i7-8550U CPU @ 1.80GHz
stepping	: 10
microcode	: 0xd6
cpu MHz		: 3720.109
cache size	: 8192 KB
physical id	: 0
siblings	: 8
core id		: 0
cpu cores	: 4
apicid		: 0
initial apicid	: 0
fpu		: yes
fpu_exception	: yes
cpuid level	: 22
wp		: yes
flags		: fpu vme de pse tsc msr pae mce cx8 apic sep mtrr pge mca cmov pat pse36 clflush dts acpi mmx fxsr sse sse2 ss ht tm pbe syscall nx pdpe1gb rdtscp lm constant_tsc art arch_perfmon pebs bts rep_good nopl xtopology nonstop_tsc cpuid aperfmperf pni pclmulqdq dtes64 monitor ds_cpl vmx est tm2 ssse3 sdbg fma cx16 xtpr pdcm pcid sse4_1 sse4_2 x2apic movbe popcnt tsc_deadline_timer aes xsave avx f16c rdrand lahf_lm abm 3dnowprefetch cpuid_fault epb invpcid_single pti ssbd ibrs ibpb stibp tpr_shadow vnmi flexpriority ept vpid ept_ad fsgsbase tsc_adjust bmi1 avx2 smep bmi2 erms invpcid mpx rdseed adx smap clflushopt intel_pt xsaveopt xsavec xgetbv1 xsaves dtherm ida arat pln pts hwp hwp_notify hwp_act_window hwp_epp md_clear flush_l1d
bugs		: cpu_meltdown spectre_v1 spectre_v2 spec_store_bypass l1tf mds swapgs itlb_multihit srbds
bogomips	: 3999.93
clflush size	: 64
cache_alignment	: 64
address sizes	: 39 bits physical, 48 bits virtual
power management:

processor	: 1
vendor_id	: GenuineIntel
cpu family	: 6
model		: 142
model name	: Intel(R) Core(TM) i7-8550U CPU @ 1.80GHz
stepping	: 10
microcode	: 0xd6
cpu MHz		: 3677.504
cache size	: 8192 KB
physical id	: 0
siblings	: 8
core id		: 1
cpu cores	: 4
apicid		: 2
initial apicid	: 2
fpu		: yes
fpu_exception	: yes
cpuid level	: 22
wp		: yes
flags		: fpu vme de pse tsc msr pae mce cx8 apic sep mtrr pge mca cmov pat pse36 clflush dts acpi mmx fxsr sse sse2 ss ht tm pbe syscall nx pdpe1gb rdtscp lm constant_tsc art arch_perfmon pebs bts rep_good nopl xtopology nonstop_tsc cpuid aperfmperf pni pclmulqdq dtes64 monitor ds_cpl vmx est tm2 ssse3 sdbg fma cx16 xtpr pdcm pcid sse4_1 sse4_2 x2apic movbe popcnt tsc_deadline_timer aes xsave avx f16c rdrand lahf_lm abm 3dnowprefetch cpuid_fault epb invpcid_single pti ssbd ibrs ibpb stibp tpr_shadow vnmi flexpriority ept vpid ept_ad fsgsbase tsc_adjust bmi1 avx2 smep bmi2 erms invpcid mpx rdseed adx smap clflushopt intel_pt xsaveopt xsavec xgetbv1 xsaves dtherm ida arat pln pts hwp hwp_notify hwp_act_window hwp_epp md_clear flush_l1d
bugs		: cpu_meltdown spectre_v1 spectre_v2 spec_store_bypass l1tf mds swapgs itlb_multihit srbds
bogomips	: 3999.93
clflush size	: 64
cache_alignment	: 64
address sizes	: 39 bits physical, 48 bits virtual
power management:

processor	: 2
vendor_id	: GenuineIntel
cpu family	: 6
model		: 142
model name	: Intel(R) Core(TM) i7-8550U CPU @ 1.80GHz
stepping	: 10
microcode	: 0xd6
cpu MHz		: 3771.372
cache size	: 8192 KB
physical id	: 0
siblings	: 8
core id		: 2
cpu cores	: 4
apicid		: 4
initial apicid	: 4
fpu		: yes
fpu_exception	: yes
cpuid level	: 22
wp		: yes
flags		: fpu vme de pse tsc msr pae mce cx8 apic sep mtrr pge mca cmov pat pse36 clflush dts acpi mmx fxsr sse sse2 ss ht tm pbe syscall nx pdpe1gb rdtscp lm constant_tsc art arch_perfmon pebs bts rep_good nopl xtopology nonstop_tsc cpuid aperfmperf pni pclmulqdq dtes64 monitor ds_cpl vmx est tm2 ssse3 sdbg fma cx16 xtpr pdcm pcid sse4_1 sse4_2 x2apic movbe popcnt tsc_deadline_timer aes xsave avx f16c rdrand lahf_lm abm 3dnowprefetch cpuid_fault epb invpcid_single pti ssbd ibrs ibpb stibp tpr_shadow vnmi flexpriority ept vpid ept_ad fsgsbase tsc_adjust bmi1 avx2 smep bmi2 erms invpcid mpx rdseed adx smap clflushopt intel_pt xsaveopt xsavec xgetbv1 xsaves dtherm ida arat pln pts hwp hwp_notify hwp_act_window hwp_epp md_clear flush_l1d
bugs		: cpu_meltdown spectre_v1 spectre_v2 spec_store_bypass l1tf mds swapgs itlb_multihit srbds
bogomips	: 3999.93
clflush size	: 64
cache_alignment	: 64
address sizes	: 39 bits physical, 48 bits virtual
power management:

processor	: 3
vendor_id	: GenuineIntel
cpu family	: 6
model		: 142
model name	: Intel(R) Core(TM) i7-8550U CPU @ 1.80GHz
stepping	: 10
microcode	: 0xd6
cpu MHz		: 3702.350
cache size	: 8192 KB
physical id	: 0
siblings	: 8
core id		: 3
cpu cores	: 4
apicid		: 6
initial apicid	: 6
fpu		: yes
fpu_exception	: yes
cpuid level	: 22
wp		: yes
flags		: fpu vme de pse tsc msr pae mce cx8 apic sep mtrr pge mca cmov pat pse36 clflush dts acpi mmx fxsr sse sse2 ss ht tm pbe syscall nx pdpe1gb rdtscp lm constant_tsc art arch_perfmon pebs bts rep_good nopl xtopology nonstop_tsc cpuid aperfmperf pni pclmulqdq dtes64 monitor ds_cpl vmx est tm2 ssse3 sdbg fma cx16 xtpr pdcm pcid sse4_1 sse4_2 x2apic movbe popcnt tsc_deadline_timer aes xsave avx f16c rdrand lahf_lm abm 3dnowprefetch cpuid_fault epb invpcid_single pti ssbd ibrs ibpb stibp tpr_shadow vnmi flexpriority ept vpid ept_ad fsgsbase tsc_adjust bmi1 avx2 smep bmi2 erms invpcid mpx rdseed adx smap clflushopt intel_pt xsaveopt xsavec xgetbv1 xsaves dtherm ida arat pln pts hwp hwp_notify hwp_act_window hwp_epp md_clear flush_l1d
bugs		: cpu_meltdown spectre_v1 spectre_v2 spec_store_bypass l1tf mds swapgs itlb_multihit srbds
bogomips	: 3999.93
clflush size	: 64
cache_alignment	: 64
address sizes	: 39 bits physical, 48 bits virtual
power management:

processor	: 4
vendor_id	: GenuineIntel
cpu family	: 6
model		: 142
model name	: Intel(R) Core(TM) i7-8550U CPU @ 1.80GHz
stepping	: 10
microcode	: 0xd6
cpu MHz		: 3736.627
cache size	: 8192 KB
physical id	: 0
siblings	: 8
core id		: 0
cpu cores	: 4
apicid		: 1
initial apicid	: 1
fpu		: yes
fpu_exception	: yes
cpuid level	: 22
wp		: yes
flags		: fpu vme de pse tsc msr pae mce cx8 apic sep mtrr pge mca cmov pat pse36 clflush dts acpi mmx fxsr sse sse2 ss ht tm pbe syscall nx pdpe1gb rdtscp lm constant_tsc art arch_perfmon pebs bts rep_good nopl xtopology nonstop_tsc cpuid aperfmperf pni pclmulqdq dtes64 monitor ds_cpl vmx est tm2 ssse3 sdbg fma cx16 xtpr pdcm pcid sse4_1 sse4_2 x2apic movbe popcnt tsc_deadline_timer aes xsave avx f16c rdrand lahf_lm abm 3dnowprefetch cpuid_fault epb invpcid_single pti ssbd ibrs ibpb stibp tpr_shadow vnmi flexpriority ept vpid ept_ad fsgsbase tsc_adjust bmi1 avx2 smep bmi2 erms invpcid mpx rdseed adx smap clflushopt intel_pt xsaveopt xsavec xgetbv1 xsaves dtherm ida arat pln pts hwp hwp_notify hwp_act_window hwp_epp md_clear flush_l1d
bugs		: cpu_meltdown spectre_v1 spectre_v2 spec_store_bypass l1tf mds swapgs itlb_multihit srbds
bogomips	: 3999.93
clflush size	: 64
cache_alignment	: 64
address sizes	: 39 bits physical, 48 bits virtual
power management:

processor	: 5
vendor_id	: GenuineIntel
cpu family	: 6
model		: 142
model name	: Intel(R) Core(TM) i7-8550U CPU @ 1.80GHz
stepping	: 10
microcode	: 0xd6
cpu MHz		: 3703.694
cache size	: 8192 KB
physical id	: 0
siblings	: 8
core id		: 1
cpu cores	: 4
apicid		: 3
initial apicid	: 3
fpu		: yes
fpu_exception	: yes
cpuid level	: 22
wp		: yes
flags		: fpu vme de pse tsc msr pae mce cx8 apic sep mtrr pge mca cmov pat pse36 clflush dts acpi mmx fxsr sse sse2 ss ht tm pbe syscall nx pdpe1gb rdtscp lm constant_tsc art arch_perfmon pebs bts rep_good nopl xtopology nonstop_tsc cpuid aperfmperf pni pclmulqdq dtes64 monitor ds_cpl vmx est tm2 ssse3 sdbg fma cx16 xtpr pdcm pcid sse4_1 sse4_2 x2apic movbe popcnt tsc_deadline_timer aes xsave avx f16c rdrand lahf_lm abm 3dnowprefetch cpuid_fault epb invpcid_single pti ssbd ibrs ibpb stibp tpr_shadow vnmi flexpriority ept vpid ept_ad fsgsbase tsc_adjust bmi1 avx2 smep bmi2 erms invpcid mpx rdseed adx smap clflushopt intel_pt xsaveopt xsavec xgetbv1 xsaves dtherm ida arat pln pts hwp hwp_notify hwp_act_window hwp_epp md_clear flush_l1d
bugs		: cpu_meltdown spectre_v1 spectre_v2 spec_store_bypass l1tf mds swapgs itlb_multihit srbds
bogomips	: 3999.93
clflush size	: 64
cache_alignment	: 64
address sizes	: 39 bits physical, 48 bits virtual
power management:

processor	: 6
vendor_id	: GenuineIntel
cpu family	: 6
model		: 142
model name	: Intel(R) Core(TM) i7-8550U CPU @ 1.80GHz
stepping	: 10
microcode	: 0xd6
cpu MHz		: 3754.011
cache size	: 8192 KB
physical id	: 0
siblings	: 8
core id		: 2
cpu cores	: 4
apicid		: 5
initial apicid	: 5
fpu		: yes
fpu_exception	: yes
cpuid level	: 22
wp		: yes
flags		: fpu vme de pse tsc msr pae mce cx8 apic sep mtrr pge mca cmov pat pse36 clflush dts acpi mmx fxsr sse sse2 ss ht tm pbe syscall nx pdpe1gb rdtscp lm constant_tsc art arch_perfmon pebs bts rep_good nopl xtopology nonstop_tsc cpuid aperfmperf pni pclmulqdq dtes64 monitor ds_cpl vmx est tm2 ssse3 sdbg fma cx16 xtpr pdcm pcid sse4_1 sse4_2 x2apic movbe popcnt tsc_deadline_timer aes xsave avx f16c rdrand lahf_lm abm 3dnowprefetch cpuid_fault epb invpcid_single pti ssbd ibrs ibpb stibp tpr_shadow vnmi flexpriority ept vpid ept_ad fsgsbase tsc_adjust bmi1 avx2 smep bmi2 erms invpcid mpx rdseed adx smap clflushopt intel_pt xsaveopt xsavec xgetbv1 xsaves dtherm ida arat pln pts hwp hwp_notify hwp_act_window hwp_epp md_clear flush_l1d
bugs		: cpu_meltdown spectre_v1 spectre_v2 spec_store_bypass l1tf mds swapgs itlb_multihit srbds
bogomips	: 3999.93
clflush size	: 64
cache_alignment	: 64
address sizes	: 39 bits physical, 48 bits virtual
power management:

processor	: 7
vendor_id	: GenuineIntel
cpu family	: 6
model		: 142
model name	: Intel(R) Core(TM) i7-8550U CPU @ 1.80GHz
stepping	: 10
microcode	: 0xd6
cpu MHz		: 3584.656
cache size	: 8192 KB
physical id	: 0
siblings	: 8
core id		: 3
cpu cores	: 4
apicid		: 7
initial apicid	: 7
fpu		: yes
fpu_exception	: yes
cpuid level	: 22
wp		: yes
flags		: fpu vme de pse tsc msr pae mce cx8 apic sep mtrr pge mca cmov pat pse36 clflush dts acpi mmx fxsr sse sse2 ss ht tm pbe syscall nx pdpe1gb rdtscp lm constant_tsc art arch_perfmon pebs bts rep_good nopl xtopology nonstop_tsc cpuid aperfmperf pni pclmulqdq dtes64 monitor ds_cpl vmx est tm2 ssse3 sdbg fma cx16 xtpr pdcm pcid sse4_1 sse4_2 x2apic movbe popcnt tsc_deadline_timer aes xsave avx f16c rdrand lahf_lm abm 3dnowprefetch cpuid_fault epb invpcid_single pti ssbd ibrs ibpb stibp tpr_shadow vnmi flexpriority ept vpid ept_ad fsgsbase tsc_adjust bmi1 avx2 smep bmi2 erms invpcid mpx rdseed adx smap clflushopt intel_pt xsaveopt xsavec xgetbv1 xsaves dtherm ida arat pln pts hwp hwp_notify hwp_act_window hwp_epp md_clear flush_l1d
bugs		: cpu_meltdown spectre_v1 spectre_v2 spec_store_bypass l1tf mds swapgs itlb_multihit srbds
bogomips	: 3999.93
clflush size	: 64
cache_alignment	: 64
address sizes	: 39 bits physical, 48 bits virtual
power management:



Memory: 4k page, physical 16291524k(13040984k free), swap 1003516k(1003516k free)

vm_info: OpenJDK 64-Bit Server VM GraalVM CE 20.0.0 (25.242-b06-jvmci-20.0-b02) for linux-amd64 JRE (8u242), built on Jan 20 2020 20:45:17 by "buildslave" with gcc 7.3.0

time: Fri Oct 30 16:22:38 2020
timezone: -03
elapsed time: 30 seconds (0d 0h 0m 30s)

